Analysis & Synthesis report for alu_top
Thu Jan 20 19:31:29 2022
Quartus Prime Version 19.1.0 Build 670 09/22/2019 SJ Lite Edition


---------------------
; Table of Contents ;
---------------------
  1. Legal Notice
  2. Analysis & Synthesis Summary
  3. Analysis & Synthesis Settings
  4. Parallel Compilation
  5. Analysis & Synthesis Source Files Read
  6. Analysis & Synthesis Resource Usage Summary
  7. Analysis & Synthesis Resource Utilization by Entity
  8. General Register Statistics
  9. Multiplexer Restructuring Statistics (Restructuring Performed)
 10. Parameter Settings for User Entity Instance: Top-level Entity: |alu_top
 11. Parameter Settings for User Entity Instance: alu:alu_instance
 12. Parameter Settings for Inferred Entity Instance: alu:alu_instance|lpm_divide:Mod0
 13. Parameter Settings for Inferred Entity Instance: alu:alu_instance|lpm_mult:Mult0
 14. Parameter Settings for Inferred Entity Instance: alu:alu_instance|lpm_divide:Div0
 15. lpm_mult Parameter Settings by Entity Instance
 16. Port Connectivity Checks: "alu:alu_instance"
 17. Post-Synthesis Netlist Statistics for Top Partition
 18. Elapsed Time Per Partition
 19. Analysis & Synthesis Messages



----------------
; Legal Notice ;
----------------
Copyright (C) 2019  Intel Corporation. All rights reserved.
Your use of Intel Corporation's design tools, logic functions 
and other software and tools, and any partner logic 
functions, and any output files from any of the foregoing 
(including device programming or simulation files), and any 
associated documentation or information are expressly subject 
to the terms and conditions of the Intel Program License 
Subscription Agreement, the Intel Quartus Prime License Agreement,
the Intel FPGA IP License Agreement, or other applicable license
agreement, including, without limitation, that your use is for
the sole purpose of programming logic devices manufactured by
Intel and sold by Intel or its authorized distributors.  Please
refer to the applicable agreement for further details, at
https://fpgasoftware.intel.com/eula.



+---------------------------------------------------------------------------------+
; Analysis & Synthesis Summary                                                    ;
+-----------------------------------+---------------------------------------------+
; Analysis & Synthesis Status       ; Successful - Thu Jan 20 19:31:29 2022       ;
; Quartus Prime Version             ; 19.1.0 Build 670 09/22/2019 SJ Lite Edition ;
; Revision Name                     ; alu_top                                     ;
; Top-level Entity Name             ; alu_top                                     ;
; Family                            ; Arria II GX                                 ;
; Logic utilization                 ; N/A                                         ;
;     Combinational ALUTs           ; 113                                         ;
;     Memory ALUTs                  ; 0                                           ;
;     Dedicated logic registers     ; 8                                           ;
; Total registers                   ; 8                                           ;
; Total pins                        ; 22                                          ;
; Total virtual pins                ; 0                                           ;
; Total block memory bits           ; 0                                           ;
; DSP block 18-bit elements         ; 0                                           ;
; Total GXB Receiver Channel PCS    ; 0                                           ;
; Total GXB Receiver Channel PMA    ; 0                                           ;
; Total GXB Transmitter Channel PCS ; 0                                           ;
; Total GXB Transmitter Channel PMA ; 0                                           ;
; Total PLLs                        ; 0                                           ;
; Total DLLs                        ; 0                                           ;
+-----------------------------------+---------------------------------------------+


+---------------------------------------------------------------------------------------------------------------------------+
; Analysis & Synthesis Settings                                                                                             ;
+---------------------------------------------------------------------------------+--------------------+--------------------+
; Option                                                                          ; Setting            ; Default Value      ;
+---------------------------------------------------------------------------------+--------------------+--------------------+
; Device                                                                          ; EP2AGX45DF29I5     ;                    ;
; Top-level entity name                                                           ; alu_top            ; alu_top            ;
; Family name                                                                     ; Arria II GX        ; Cyclone V          ;
; Use smart compilation                                                           ; Off                ; Off                ;
; Enable parallel Assembler and Timing Analyzer during compilation                ; On                 ; On                 ;
; Enable compact report table                                                     ; Off                ; Off                ;
; Restructure Multiplexers                                                        ; Auto               ; Auto               ;
; MLAB Add Timing Constraints For Mixed-Port Feed-Through Mode Setting Don't Care ; Off                ; Off                ;
; Create Debugging Nodes for IP Cores                                             ; Off                ; Off                ;
; Preserve fewer node names                                                       ; On                 ; On                 ;
; Intel FPGA IP Evaluation Mode                                                   ; Enable             ; Enable             ;
; Verilog Version                                                                 ; Verilog_2001       ; Verilog_2001       ;
; VHDL Version                                                                    ; VHDL_1993          ; VHDL_1993          ;
; State Machine Processing                                                        ; Auto               ; Auto               ;
; Safe State Machine                                                              ; Off                ; Off                ;
; Extract Verilog State Machines                                                  ; On                 ; On                 ;
; Extract VHDL State Machines                                                     ; On                 ; On                 ;
; Ignore Verilog initial constructs                                               ; Off                ; Off                ;
; Iteration limit for constant Verilog loops                                      ; 5000               ; 5000               ;
; Iteration limit for non-constant Verilog loops                                  ; 250                ; 250                ;
; Add Pass-Through Logic to Inferred RAMs                                         ; On                 ; On                 ;
; Infer RAMs from Raw Logic                                                       ; On                 ; On                 ;
; Parallel Synthesis                                                              ; On                 ; On                 ;
; DSP Block Balancing                                                             ; Auto               ; Auto               ;
; NOT Gate Push-Back                                                              ; On                 ; On                 ;
; Power-Up Don't Care                                                             ; On                 ; On                 ;
; Remove Redundant Logic Cells                                                    ; Off                ; Off                ;
; Remove Duplicate Registers                                                      ; On                 ; On                 ;
; Ignore CARRY Buffers                                                            ; Off                ; Off                ;
; Ignore CASCADE Buffers                                                          ; Off                ; Off                ;
; Ignore GLOBAL Buffers                                                           ; Off                ; Off                ;
; Ignore ROW GLOBAL Buffers                                                       ; Off                ; Off                ;
; Ignore LCELL Buffers                                                            ; Off                ; Off                ;
; Ignore SOFT Buffers                                                             ; On                 ; On                 ;
; Limit AHDL Integers to 32 Bits                                                  ; Off                ; Off                ;
; Optimization Technique                                                          ; Balanced           ; Balanced           ;
; Carry Chain Length                                                              ; 70                 ; 70                 ;
; Auto Carry Chains                                                               ; On                 ; On                 ;
; Auto Open-Drain Pins                                                            ; On                 ; On                 ;
; Perform WYSIWYG Primitive Resynthesis                                           ; Off                ; Off                ;
; Auto ROM Replacement                                                            ; On                 ; On                 ;
; Auto RAM Replacement                                                            ; On                 ; On                 ;
; Auto DSP Block Replacement                                                      ; On                 ; On                 ;
; Auto Shift Register Replacement                                                 ; Auto               ; Auto               ;
; Allow Shift Register Merging across Hierarchies                                 ; Auto               ; Auto               ;
; Auto Clock Enable Replacement                                                   ; On                 ; On                 ;
; Strict RAM Replacement                                                          ; Off                ; Off                ;
; Allow Synchronous Control Signals                                               ; On                 ; On                 ;
; Force Use of Synchronous Clear Signals                                          ; Off                ; Off                ;
; Auto RAM Block Balancing                                                        ; On                 ; On                 ;
; Auto RAM to Logic Cell Conversion                                               ; Off                ; Off                ;
; Auto Resource Sharing                                                           ; Off                ; Off                ;
; Allow Any RAM Size For Recognition                                              ; Off                ; Off                ;
; Allow Any ROM Size For Recognition                                              ; Off                ; Off                ;
; Allow Any Shift Register Size For Recognition                                   ; Off                ; Off                ;
; Use LogicLock Constraints during Resource Balancing                             ; On                 ; On                 ;
; Ignore translate_off and synthesis_off directives                               ; Off                ; Off                ;
; Timing-Driven Synthesis                                                         ; On                 ; On                 ;
; Report Parameter Settings                                                       ; On                 ; On                 ;
; Report Source Assignments                                                       ; On                 ; On                 ;
; Report Connectivity Checks                                                      ; On                 ; On                 ;
; Ignore Maximum Fan-Out Assignments                                              ; Off                ; Off                ;
; Synchronization Register Chain Length                                           ; 3                  ; 3                  ;
; Power Optimization During Synthesis                                             ; Normal compilation ; Normal compilation ;
; HDL message level                                                               ; Level2             ; Level2             ;
; Suppress Register Optimization Related Messages                                 ; Off                ; Off                ;
; Number of Removed Registers Reported in Synthesis Report                        ; 5000               ; 5000               ;
; Number of Swept Nodes Reported in Synthesis Report                              ; 5000               ; 5000               ;
; Number of Inverted Registers Reported in Synthesis Report                       ; 100                ; 100                ;
; Clock MUX Protection                                                            ; On                 ; On                 ;
; Auto Gated Clock Conversion                                                     ; Off                ; Off                ;
; Block Design Naming                                                             ; Auto               ; Auto               ;
; SDC constraint protection                                                       ; Off                ; Off                ;
; Synthesis Effort                                                                ; Auto               ; Auto               ;
; Shift Register Replacement - Allow Asynchronous Clear Signal                    ; On                 ; On                 ;
; Pre-Mapping Resynthesis Optimization                                            ; Off                ; Off                ;
; Analysis & Synthesis Message Level                                              ; Medium             ; Medium             ;
; Disable Register Merging Across Hierarchies                                     ; Auto               ; Auto               ;
; Resource Aware Inference For Block RAM                                          ; On                 ; On                 ;
+---------------------------------------------------------------------------------+--------------------+--------------------+


+------------------------------------------+
; Parallel Compilation                     ;
+----------------------------+-------------+
; Processors                 ; Number      ;
+----------------------------+-------------+
; Number detected on machine ; 16          ;
; Maximum allowed            ; 8           ;
;                            ;             ;
; Average used               ; 1.00        ;
; Maximum used               ; 1           ;
;                            ;             ;
; Usage by Processor         ; % Time Used ;
;     Processor 1            ; 100.0%      ;
+----------------------------+-------------+


+--------------------------------------------------------------------------------------------------------------------------------------------------------------------------+
; Analysis & Synthesis Source Files Read                                                                                                                                   ;
+----------------------------------+-----------------+------------------------------+----------------------------------------------------------------------------+---------+
; File Name with User-Entered Path ; Used in Netlist ; File Type                    ; File Name with Absolute Path                                               ; Library ;
+----------------------------------+-----------------+------------------------------+----------------------------------------------------------------------------+---------+
; Lab2/alu_top/alu_top.sv          ; yes             ; User SystemVerilog HDL File  ; C:/Repos/ECE-111/Quartus-Projects/HW2/Lab2/alu_top/alu_top.sv              ;         ;
; Lab2/alu_top/alu.sv              ; yes             ; User SystemVerilog HDL File  ; C:/Repos/ECE-111/Quartus-Projects/HW2/Lab2/alu_top/alu.sv                  ;         ;
; lpm_divide.tdf                   ; yes             ; Megafunction                 ; c:/intelfpga_lite/19.1/quartus/libraries/megafunctions/lpm_divide.tdf      ;         ;
; abs_divider.inc                  ; yes             ; Megafunction                 ; c:/intelfpga_lite/19.1/quartus/libraries/megafunctions/abs_divider.inc     ;         ;
; sign_div_unsign.inc              ; yes             ; Megafunction                 ; c:/intelfpga_lite/19.1/quartus/libraries/megafunctions/sign_div_unsign.inc ;         ;
; aglobal191.inc                   ; yes             ; Megafunction                 ; c:/intelfpga_lite/19.1/quartus/libraries/megafunctions/aglobal191.inc      ;         ;
; db/lpm_divide_16m.tdf            ; yes             ; Auto-Generated Megafunction  ; C:/Repos/ECE-111/Quartus-Projects/HW2/db/lpm_divide_16m.tdf                ;         ;
; db/sign_div_unsign_7kh.tdf       ; yes             ; Auto-Generated Megafunction  ; C:/Repos/ECE-111/Quartus-Projects/HW2/db/sign_div_unsign_7kh.tdf           ;         ;
; db/alt_u_div_h0f.tdf             ; yes             ; Auto-Generated Megafunction  ; C:/Repos/ECE-111/Quartus-Projects/HW2/db/alt_u_div_h0f.tdf                 ;         ;
; lpm_mult.tdf                     ; yes             ; Megafunction                 ; c:/intelfpga_lite/19.1/quartus/libraries/megafunctions/lpm_mult.tdf        ;         ;
; lpm_add_sub.inc                  ; yes             ; Megafunction                 ; c:/intelfpga_lite/19.1/quartus/libraries/megafunctions/lpm_add_sub.inc     ;         ;
; multcore.inc                     ; yes             ; Megafunction                 ; c:/intelfpga_lite/19.1/quartus/libraries/megafunctions/multcore.inc        ;         ;
; bypassff.inc                     ; yes             ; Megafunction                 ; c:/intelfpga_lite/19.1/quartus/libraries/megafunctions/bypassff.inc        ;         ;
; altshift.inc                     ; yes             ; Megafunction                 ; c:/intelfpga_lite/19.1/quartus/libraries/megafunctions/altshift.inc        ;         ;
; db/mult_25t.tdf                  ; yes             ; Auto-Generated Megafunction  ; C:/Repos/ECE-111/Quartus-Projects/HW2/db/mult_25t.tdf                      ;         ;
; db/lpm_divide_udm.tdf            ; yes             ; Auto-Generated Megafunction  ; C:/Repos/ECE-111/Quartus-Projects/HW2/db/lpm_divide_udm.tdf                ;         ;
+----------------------------------+-----------------+------------------------------+----------------------------------------------------------------------------+---------+


+-------------------------------------------------------------------+
; Analysis & Synthesis Resource Usage Summary                       ;
+-----------------------------------------------+-------------------+
; Resource                                      ; Usage             ;
+-----------------------------------------------+-------------------+
; Estimated ALUTs Used                          ; 113               ;
;     -- Combinational ALUTs                    ; 113               ;
;     -- Memory ALUTs                           ; 0                 ;
;     -- LUT_REGs                               ; 0                 ;
; Dedicated logic registers                     ; 8                 ;
;                                               ;                   ;
; Estimated ALUTs Unavailable                   ; 9                 ;
;     -- Due to unpartnered combinational logic ; 9                 ;
;     -- Due to Memory ALUTs                    ; 0                 ;
;                                               ;                   ;
; Total combinational functions                 ; 113               ;
; Combinational ALUT usage by number of inputs  ;                   ;
;     -- 7 input functions                      ; 3                 ;
;     -- 6 input functions                      ; 6                 ;
;     -- 5 input functions                      ; 21                ;
;     -- 4 input functions                      ; 31                ;
;     -- <=3 input functions                    ; 52                ;
;                                               ;                   ;
; Combinational ALUTs by mode                   ;                   ;
;     -- normal mode                            ; 54                ;
;     -- extended LUT mode                      ; 3                 ;
;     -- arithmetic mode                        ; 33                ;
;     -- shared arithmetic mode                 ; 23                ;
;                                               ;                   ;
; Estimated ALUT/register pairs used            ; 122               ;
;                                               ;                   ;
; Total registers                               ; 8                 ;
;     -- Dedicated logic registers              ; 8                 ;
;     -- I/O registers                          ; 0                 ;
;     -- LUT_REGs                               ; 0                 ;
;                                               ;                   ;
;                                               ;                   ;
; I/O pins                                      ; 22                ;
;                                               ;                   ;
; DSP block 18-bit elements                     ; 0                 ;
;                                               ;                   ;
; Maximum fan-out node                          ; operand2[3]~input ;
; Maximum fan-out                               ; 31                ;
; Total fan-out                                 ; 466               ;
; Average fan-out                               ; 2.82              ;
+-----------------------------------------------+-------------------+


+---------------------------------------------------------------------------------------------------------------------------------------------------------------------------------------------------------------------------------------------------------------------------------------------------------------------------------------------------------------------+
; Analysis & Synthesis Resource Utilization by Entity                                                                                                                                                                                                                                                                                                                 ;
+-------------------------------------------+---------------------+---------------------------+-------------------+--------------+---------+-----------+-----------+-----------+------+--------------+---------------------------------------------------------------------------------------------------------------------------+---------------------+--------------+
; Compilation Hierarchy Node                ; Combinational ALUTs ; Dedicated Logic Registers ; Block Memory Bits ; DSP Elements ; DSP 9x9 ; DSP 12x12 ; DSP 18x18 ; DSP 36x36 ; Pins ; Virtual Pins ; Full Hierarchy Name                                                                                                       ; Entity Name         ; Library Name ;
+-------------------------------------------+---------------------+---------------------------+-------------------+--------------+---------+-----------+-----------+-----------+------+--------------+---------------------------------------------------------------------------------------------------------------------------+---------------------+--------------+
; |alu_top                                  ; 113 (0)             ; 8 (8)                     ; 0                 ; 0            ; 0       ; 0         ; 0         ; 0         ; 22   ; 0            ; |alu_top                                                                                                                  ; alu_top             ; work         ;
;    |alu:alu_instance|                     ; 113 (51)            ; 0 (0)                     ; 0                 ; 0            ; 0       ; 0         ; 0         ; 0         ; 0    ; 0            ; |alu_top|alu:alu_instance                                                                                                 ; alu                 ; work         ;
;       |lpm_divide:Div0|                   ; 22 (0)              ; 0 (0)                     ; 0                 ; 0            ; 0       ; 0         ; 0         ; 0         ; 0    ; 0            ; |alu_top|alu:alu_instance|lpm_divide:Div0                                                                                 ; lpm_divide          ; work         ;
;          |lpm_divide_udm:auto_generated|  ; 22 (0)              ; 0 (0)                     ; 0                 ; 0            ; 0       ; 0         ; 0         ; 0         ; 0    ; 0            ; |alu_top|alu:alu_instance|lpm_divide:Div0|lpm_divide_udm:auto_generated                                                   ; lpm_divide_udm      ; work         ;
;             |sign_div_unsign_7kh:divider| ; 22 (0)              ; 0 (0)                     ; 0                 ; 0            ; 0       ; 0         ; 0         ; 0         ; 0    ; 0            ; |alu_top|alu:alu_instance|lpm_divide:Div0|lpm_divide_udm:auto_generated|sign_div_unsign_7kh:divider                       ; sign_div_unsign_7kh ; work         ;
;                |alt_u_div_h0f:divider|    ; 22 (22)             ; 0 (0)                     ; 0                 ; 0            ; 0       ; 0         ; 0         ; 0         ; 0    ; 0            ; |alu_top|alu:alu_instance|lpm_divide:Div0|lpm_divide_udm:auto_generated|sign_div_unsign_7kh:divider|alt_u_div_h0f:divider ; alt_u_div_h0f       ; work         ;
;       |lpm_divide:Mod0|                   ; 23 (0)              ; 0 (0)                     ; 0                 ; 0            ; 0       ; 0         ; 0         ; 0         ; 0    ; 0            ; |alu_top|alu:alu_instance|lpm_divide:Mod0                                                                                 ; lpm_divide          ; work         ;
;          |lpm_divide_16m:auto_generated|  ; 23 (0)              ; 0 (0)                     ; 0                 ; 0            ; 0       ; 0         ; 0         ; 0         ; 0    ; 0            ; |alu_top|alu:alu_instance|lpm_divide:Mod0|lpm_divide_16m:auto_generated                                                   ; lpm_divide_16m      ; work         ;
;             |sign_div_unsign_7kh:divider| ; 23 (0)              ; 0 (0)                     ; 0                 ; 0            ; 0       ; 0         ; 0         ; 0         ; 0    ; 0            ; |alu_top|alu:alu_instance|lpm_divide:Mod0|lpm_divide_16m:auto_generated|sign_div_unsign_7kh:divider                       ; sign_div_unsign_7kh ; work         ;
;                |alt_u_div_h0f:divider|    ; 23 (23)             ; 0 (0)                     ; 0                 ; 0            ; 0       ; 0         ; 0         ; 0         ; 0    ; 0            ; |alu_top|alu:alu_instance|lpm_divide:Mod0|lpm_divide_16m:auto_generated|sign_div_unsign_7kh:divider|alt_u_div_h0f:divider ; alt_u_div_h0f       ; work         ;
;       |lpm_mult:Mult0|                    ; 17 (0)              ; 0 (0)                     ; 0                 ; 0            ; 0       ; 0         ; 0         ; 0         ; 0    ; 0            ; |alu_top|alu:alu_instance|lpm_mult:Mult0                                                                                  ; lpm_mult            ; work         ;
;          |mult_25t:auto_generated|        ; 17 (17)             ; 0 (0)                     ; 0                 ; 0            ; 0       ; 0         ; 0         ; 0         ; 0    ; 0            ; |alu_top|alu:alu_instance|lpm_mult:Mult0|mult_25t:auto_generated                                                          ; mult_25t            ; work         ;
+-------------------------------------------+---------------------+---------------------------+-------------------+--------------+---------+-----------+-----------+-----------+------+--------------+---------------------------------------------------------------------------------------------------------------------------+---------------------+--------------+
Note: For table entries with two numbers listed, the numbers in parentheses indicate the number of resources of the given type used by the specific entity alone. The numbers listed outside of parentheses indicate the total resources of the given type used by the specific entity and all of its sub-entities in the hierarchy.


+------------------------------------------------------+
; General Register Statistics                          ;
+----------------------------------------------+-------+
; Statistic                                    ; Value ;
+----------------------------------------------+-------+
; Total registers                              ; 8     ;
; Number of registers using Synchronous Clear  ; 0     ;
; Number of registers using Synchronous Load   ; 0     ;
; Number of registers using Asynchronous Clear ; 8     ;
; Number of registers using Asynchronous Load  ; 0     ;
; Number of registers using Clock Enable       ; 0     ;
; Number of registers using Preset             ; 0     ;
+----------------------------------------------+-------+


+------------------------------------------------------------------------------------------------------------------------------------------+
; Multiplexer Restructuring Statistics (Restructuring Performed)                                                                           ;
+--------------------+-----------+---------------+----------------------+------------------------+------------+----------------------------+
; Multiplexer Inputs ; Bus Width ; Baseline Area ; Area if Restructured ; Saving if Restructured ; Registered ; Example Multiplexer Output ;
+--------------------+-----------+---------------+----------------------+------------------------+------------+----------------------------+
; 7:1                ; 3 bits    ; 12 ALUTs      ; 12 ALUTs             ; 0 ALUTs                ; Yes        ; |alu_top|result[5]~reg0    ;
+--------------------+-----------+---------------+----------------------+------------------------+------------+----------------------------+


+-------------------------------------------------------------------------+
; Parameter Settings for User Entity Instance: Top-level Entity: |alu_top ;
+----------------+-------+------------------------------------------------+
; Parameter Name ; Value ; Type                                           ;
+----------------+-------+------------------------------------------------+
; N              ; 4     ; Signed Integer                                 ;
+----------------+-------+------------------------------------------------+
Note: In order to hide this table in the UI and the text report file, please set the "Show Parameter Settings in Synthesis Report" option in "Analysis and Synthesis Settings -> More Settings" to "Off".


+---------------------------------------------------------------+
; Parameter Settings for User Entity Instance: alu:alu_instance ;
+----------------+-------+--------------------------------------+
; Parameter Name ; Value ; Type                                 ;
+----------------+-------+--------------------------------------+
; N              ; 4     ; Signed Integer                       ;
+----------------+-------+--------------------------------------+
Note: In order to hide this table in the UI and the text report file, please set the "Show Parameter Settings in Synthesis Report" option in "Analysis and Synthesis Settings -> More Settings" to "Off".


+-----------------------------------------------------------------------------------+
; Parameter Settings for Inferred Entity Instance: alu:alu_instance|lpm_divide:Mod0 ;
+------------------------+----------------+-----------------------------------------+
; Parameter Name         ; Value          ; Type                                    ;
+------------------------+----------------+-----------------------------------------+
; LPM_WIDTHN             ; 4              ; Untyped                                 ;
; LPM_WIDTHD             ; 4              ; Untyped                                 ;
; LPM_NREPRESENTATION    ; UNSIGNED       ; Untyped                                 ;
; LPM_DREPRESENTATION    ; UNSIGNED       ; Untyped                                 ;
; LPM_PIPELINE           ; 0              ; Untyped                                 ;
; LPM_REMAINDERPOSITIVE  ; TRUE           ; Untyped                                 ;
; MAXIMIZE_SPEED         ; 5              ; Untyped                                 ;
; CBXI_PARAMETER         ; lpm_divide_16m ; Untyped                                 ;
; CARRY_CHAIN            ; MANUAL         ; Untyped                                 ;
; OPTIMIZE_FOR_SPEED     ; 5              ; Untyped                                 ;
; AUTO_CARRY_CHAINS      ; ON             ; AUTO_CARRY                              ;
; IGNORE_CARRY_BUFFERS   ; OFF            ; IGNORE_CARRY                            ;
; AUTO_CASCADE_CHAINS    ; ON             ; AUTO_CASCADE                            ;
; IGNORE_CASCADE_BUFFERS ; OFF            ; IGNORE_CASCADE                          ;
+------------------------+----------------+-----------------------------------------+
Note: In order to hide this table in the UI and the text report file, please set the "Show Parameter Settings in Synthesis Report" option in "Analysis and Synthesis Settings -> More Settings" to "Off".


+------------------------------------------------------------------------------------+
; Parameter Settings for Inferred Entity Instance: alu:alu_instance|lpm_mult:Mult0   ;
+------------------------------------------------+-------------+---------------------+
; Parameter Name                                 ; Value       ; Type                ;
+------------------------------------------------+-------------+---------------------+
; AUTO_CARRY_CHAINS                              ; ON          ; AUTO_CARRY          ;
; IGNORE_CARRY_BUFFERS                           ; OFF         ; IGNORE_CARRY        ;
; AUTO_CASCADE_CHAINS                            ; ON          ; AUTO_CASCADE        ;
; IGNORE_CASCADE_BUFFERS                         ; OFF         ; IGNORE_CASCADE      ;
; LPM_WIDTHA                                     ; 4           ; Untyped             ;
; LPM_WIDTHB                                     ; 4           ; Untyped             ;
; LPM_WIDTHP                                     ; 8           ; Untyped             ;
; LPM_WIDTHR                                     ; 8           ; Untyped             ;
; LPM_WIDTHS                                     ; 1           ; Untyped             ;
; LPM_REPRESENTATION                             ; UNSIGNED    ; Untyped             ;
; LPM_PIPELINE                                   ; 0           ; Untyped             ;
; LATENCY                                        ; 0           ; Untyped             ;
; INPUT_A_IS_CONSTANT                            ; NO          ; Untyped             ;
; INPUT_B_IS_CONSTANT                            ; NO          ; Untyped             ;
; USE_EAB                                        ; OFF         ; Untyped             ;
; MAXIMIZE_SPEED                                 ; 5           ; Untyped             ;
; DEVICE_FAMILY                                  ; Arria II GX ; Untyped             ;
; CARRY_CHAIN                                    ; MANUAL      ; Untyped             ;
; APEX20K_TECHNOLOGY_MAPPER                      ; LUT         ; TECH_MAPPER_APEX20K ;
; DEDICATED_MULTIPLIER_CIRCUITRY                 ; AUTO        ; Untyped             ;
; DEDICATED_MULTIPLIER_MIN_INPUT_WIDTH_FOR_AUTO  ; 0           ; Untyped             ;
; DEDICATED_MULTIPLIER_MIN_OUTPUT_WIDTH_FOR_AUTO ; 0           ; Untyped             ;
; CBXI_PARAMETER                                 ; mult_25t    ; Untyped             ;
; INPUT_A_FIXED_VALUE                            ; Bx          ; Untyped             ;
; INPUT_B_FIXED_VALUE                            ; Bx          ; Untyped             ;
; USE_AHDL_IMPLEMENTATION                        ; OFF         ; Untyped             ;
+------------------------------------------------+-------------+---------------------+
Note: In order to hide this table in the UI and the text report file, please set the "Show Parameter Settings in Synthesis Report" option in "Analysis and Synthesis Settings -> More Settings" to "Off".


+-----------------------------------------------------------------------------------+
; Parameter Settings for Inferred Entity Instance: alu:alu_instance|lpm_divide:Div0 ;
+------------------------+----------------+-----------------------------------------+
; Parameter Name         ; Value          ; Type                                    ;
+------------------------+----------------+-----------------------------------------+
; LPM_WIDTHN             ; 4              ; Untyped                                 ;
; LPM_WIDTHD             ; 4              ; Untyped                                 ;
; LPM_NREPRESENTATION    ; UNSIGNED       ; Untyped                                 ;
; LPM_DREPRESENTATION    ; UNSIGNED       ; Untyped                                 ;
; LPM_PIPELINE           ; 0              ; Untyped                                 ;
; LPM_REMAINDERPOSITIVE  ; TRUE           ; Untyped                                 ;
; MAXIMIZE_SPEED         ; 5              ; Untyped                                 ;
; CBXI_PARAMETER         ; lpm_divide_udm ; Untyped                                 ;
; CARRY_CHAIN            ; MANUAL         ; Untyped                                 ;
; OPTIMIZE_FOR_SPEED     ; 5              ; Untyped                                 ;
; AUTO_CARRY_CHAINS      ; ON             ; AUTO_CARRY                              ;
; IGNORE_CARRY_BUFFERS   ; OFF            ; IGNORE_CARRY                            ;
; AUTO_CASCADE_CHAINS    ; ON             ; AUTO_CASCADE                            ;
; IGNORE_CASCADE_BUFFERS ; OFF            ; IGNORE_CASCADE                          ;
+------------------------+----------------+-----------------------------------------+
Note: In order to hide this table in the UI and the text report file, please set the "Show Parameter Settings in Synthesis Report" option in "Analysis and Synthesis Settings -> More Settings" to "Off".


+-------------------------------------------------------------------------+
; lpm_mult Parameter Settings by Entity Instance                          ;
+---------------------------------------+---------------------------------+
; Name                                  ; Value                           ;
+---------------------------------------+---------------------------------+
; Number of entity instances            ; 1                               ;
; Entity Instance                       ; alu:alu_instance|lpm_mult:Mult0 ;
;     -- LPM_WIDTHA                     ; 4                               ;
;     -- LPM_WIDTHB                     ; 4                               ;
;     -- LPM_WIDTHP                     ; 8                               ;
;     -- LPM_REPRESENTATION             ; UNSIGNED                        ;
;     -- INPUT_A_IS_CONSTANT            ; NO                              ;
;     -- INPUT_B_IS_CONSTANT            ; NO                              ;
;     -- USE_EAB                        ; OFF                             ;
;     -- DEDICATED_MULTIPLIER_CIRCUITRY ; AUTO                            ;
;     -- INPUT_A_FIXED_VALUE            ; Bx                              ;
;     -- INPUT_B_FIXED_VALUE            ; Bx                              ;
+---------------------------------------+---------------------------------+


+-----------------------------------------------------------------------------------------------------------------------------------------------------------------------------------------------------+
; Port Connectivity Checks: "alu:alu_instance"                                                                                                                                                        ;
+---------+--------+----------+-----------------------------------------------------------------------------------------------------------------------------------------------------------------------+
; Port    ; Type   ; Severity ; Details                                                                                                                                                               ;
+---------+--------+----------+-----------------------------------------------------------------------------------------------------------------------------------------------------------------------+
; alu_out ; Output ; Warning  ; Output or bidir port (8 bits) is smaller than the port expression (9 bits) it drives.  The 1 most-significant bit(s) in the port expression will be connected to GND. ;
+---------+--------+----------+-----------------------------------------------------------------------------------------------------------------------------------------------------------------------+


+-----------------------------------------------------+
; Post-Synthesis Netlist Statistics for Top Partition ;
+-----------------------+-----------------------------+
; Type                  ; Count                       ;
+-----------------------+-----------------------------+
; arriaii_ff            ; 8                           ;
;     CLR               ; 8                           ;
; boundary_port         ; 22                          ;
; stratixiv_lcell_comb  ; 113                         ;
;     arith             ; 33                          ;
;         0 data inputs ; 7                           ;
;         1 data inputs ; 2                           ;
;         2 data inputs ; 12                          ;
;         4 data inputs ; 6                           ;
;         5 data inputs ; 6                           ;
;     extend            ; 3                           ;
;         7 data inputs ; 3                           ;
;     normal            ; 54                          ;
;         2 data inputs ; 5                           ;
;         3 data inputs ; 9                           ;
;         4 data inputs ; 19                          ;
;         5 data inputs ; 15                          ;
;         6 data inputs ; 6                           ;
;     shared            ; 23                          ;
;         0 data inputs ; 7                           ;
;         2 data inputs ; 10                          ;
;         4 data inputs ; 6                           ;
;                       ;                             ;
; Max LUT depth         ; 10.50                       ;
; Average LUT depth     ; 6.41                        ;
+-----------------------+-----------------------------+


+-------------------------------+
; Elapsed Time Per Partition    ;
+----------------+--------------+
; Partition Name ; Elapsed Time ;
+----------------+--------------+
; Top            ; 00:00:00     ;
+----------------+--------------+


+-------------------------------+
; Analysis & Synthesis Messages ;
+-------------------------------+
Info: *******************************************************************
Info: Running Quartus Prime Analysis & Synthesis
    Info: Version 19.1.0 Build 670 09/22/2019 SJ Lite Edition
    Info: Processing started: Thu Jan 20 19:31:18 2022
Info: Command: quartus_map --read_settings_files=on --write_settings_files=off HW2 -c alu_top
Warning (18236): Number of processors has not been specified which may cause overloading on shared machines.  Set the global assignment NUM_PARALLEL_PROCESSORS in your QSF to an appropriate value for best performance.
Info (20030): Parallel compilation is enabled and will use 8 of the 8 processors detected
Info (12021): Found 1 design units, including 1 entities, in source file lab2/alu_top/alu_top_testbench.sv
    Info (12023): Found entity 1: alu_top_testbench File: C:/Repos/ECE-111/Quartus-Projects/HW2/Lab2/alu_top/alu_top_testbench.sv Line: 3
Info (12021): Found 1 design units, including 1 entities, in source file lab2/alu_top/alu_top.sv
    Info (12023): Found entity 1: alu_top File: C:/Repos/ECE-111/Quartus-Projects/HW2/Lab2/alu_top/alu_top.sv Line: 2
Info (12021): Found 1 design units, including 1 entities, in source file lab2/alu_top/alu.sv
    Info (12023): Found entity 1: alu File: C:/Repos/ECE-111/Quartus-Projects/HW2/Lab2/alu_top/alu.sv Line: 2
Info (12127): Elaborating entity "alu_top" for the top level hierarchy
Warning (10230): Verilog HDL assignment warning at alu_top.sv(26): truncated value with size 9 to match size of target (8) File: C:/Repos/ECE-111/Quartus-Projects/HW2/Lab2/alu_top/alu_top.sv Line: 26
Info (12128): Elaborating entity "alu" for hierarchy "alu:alu_instance" File: C:/Repos/ECE-111/Quartus-Projects/HW2/Lab2/alu_top/alu_top.sv Line: 18
Info (278001): Inferred 3 megafunctions from design logic
    Info (278004): Inferred divider/modulo megafunction ("lpm_divide") from the following logic: "alu:alu_instance|Mod0" File: C:/Repos/ECE-111/Quartus-Projects/HW2/Lab2/alu_top/alu.sv Line: 17
    Info (278003): Inferred multiplier megafunction ("lpm_mult") from the following logic: "alu:alu_instance|Mult0" File: C:/Repos/ECE-111/Quartus-Projects/HW2/Lab2/alu_top/alu.sv Line: 16
    Info (278004): Inferred divider/modulo megafunction ("lpm_divide") from the following logic: "alu:alu_instance|Div0" File: C:/Repos/ECE-111/Quartus-Projects/HW2/Lab2/alu_top/alu.sv Line: 18
Info (12130): Elaborated megafunction instantiation "alu:alu_instance|lpm_divide:Mod0" File: C:/Repos/ECE-111/Quartus-Projects/HW2/Lab2/alu_top/alu.sv Line: 17
Info (12133): Instantiated megafunction "alu:alu_instance|lpm_divide:Mod0" with the following parameter: File: C:/Repos/ECE-111/Quartus-Projects/HW2/Lab2/alu_top/alu.sv Line: 17
    Info (12134): Parameter "LPM_WIDTHN" = "4"
    Info (12134): Parameter "LPM_WIDTHD" = "4"
    Info (12134): Parameter "LPM_NREPRESENTATION" = "UNSIGNED"
    Info (12134): Parameter "LPM_DREPRESENTATION" = "UNSIGNED"
Info (12021): Found 1 design units, including 1 entities, in source file db/lpm_divide_16m.tdf
    Info (12023): Found entity 1: lpm_divide_16m File: C:/Repos/ECE-111/Quartus-Projects/HW2/db/lpm_divide_16m.tdf Line: 25
Info (12021): Found 1 design units, including 1 entities, in source file db/sign_div_unsign_7kh.tdf
    Info (12023): Found entity 1: sign_div_unsign_7kh File: C:/Repos/ECE-111/Quartus-Projects/HW2/db/sign_div_unsign_7kh.tdf Line: 25
Info (12021): Found 1 design units, including 1 entities, in source file db/alt_u_div_h0f.tdf
    Info (12023): Found entity 1: alt_u_div_h0f File: C:/Repos/ECE-111/Quartus-Projects/HW2/db/alt_u_div_h0f.tdf Line: 23
Info (12130): Elaborated megafunction instantiation "alu:alu_instance|lpm_mult:Mult0" File: C:/Repos/ECE-111/Quartus-Projects/HW2/Lab2/alu_top/alu.sv Line: 16
Info (12133): Instantiated megafunction "alu:alu_instance|lpm_mult:Mult0" with the following parameter: File: C:/Repos/ECE-111/Quartus-Projects/HW2/Lab2/alu_top/alu.sv Line: 16
    Info (12134): Parameter "LPM_WIDTHA" = "4"
    Info (12134): Parameter "LPM_WIDTHB" = "4"
    Info (12134): Parameter "LPM_WIDTHP" = "8"
    Info (12134): Parameter "LPM_WIDTHR" = "8"
    Info (12134): Parameter "LPM_WIDTHS" = "1"
    Info (12134): Parameter "LPM_REPRESENTATION" = "UNSIGNED"
    Info (12134): Parameter "INPUT_A_IS_CONSTANT" = "NO"
    Info (12134): Parameter "INPUT_B_IS_CONSTANT" = "NO"
    Info (12134): Parameter "MAXIMIZE_SPEED" = "5"
Info (12021): Found 1 design units, including 1 entities, in source file db/mult_25t.tdf
    Info (12023): Found entity 1: mult_25t File: C:/Repos/ECE-111/Quartus-Projects/HW2/db/mult_25t.tdf Line: 25
Info (12130): Elaborated megafunction instantiation "alu:alu_instance|lpm_divide:Div0" File: C:/Repos/ECE-111/Quartus-Projects/HW2/Lab2/alu_top/alu.sv Line: 18
Info (12133): Instantiated megafunction "alu:alu_instance|lpm_divide:Div0" with the following parameter: File: C:/Repos/ECE-111/Quartus-Projects/HW2/Lab2/alu_top/alu.sv Line: 18
    Info (12134): Parameter "LPM_WIDTHN" = "4"
    Info (12134): Parameter "LPM_WIDTHD" = "4"
    Info (12134): Parameter "LPM_NREPRESENTATION" = "UNSIGNED"
    Info (12134): Parameter "LPM_DREPRESENTATION" = "UNSIGNED"
Info (12021): Found 1 design units, including 1 entities, in source file db/lpm_divide_udm.tdf
    Info (12023): Found entity 1: lpm_divide_udm File: C:/Repos/ECE-111/Quartus-Projects/HW2/db/lpm_divide_udm.tdf Line: 25
Warning (12241): 1 hierarchies have connectivity warnings - see the Connectivity Checks report folder
Info (13014): Ignored 16 buffer(s)
    Info (13019): Ignored 16 SOFT buffer(s)
Info (286030): Timing-Driven Synthesis is running
Info (16010): Generating hard_block partition "hard_block:auto_generated_inst"
    Info (16011): Adding 0 node(s), including 0 DDIO, 0 PLL, 0 transceiver and 0 LCELL
Info (21057): Implemented 135 device resources after synthesis - the final resource count might be different
    Info (21058): Implemented 14 input pins
    Info (21059): Implemented 8 output pins
    Info (21061): Implemented 113 logic cells
Info: Quartus Prime Analysis & Synthesis was successful. 0 errors, 3 warnings
    Info: Peak virtual memory: 4853 megabytes
    Info: Processing ended: Thu Jan 20 19:31:29 2022
    Info: Elapsed time: 00:00:11
    Info: Total CPU time (on all processors): 00:00:18


