Analysis & Synthesis report for uart_control_system
Wed Feb 23 02:36:10 2022
Quartus Prime Version 19.1.0 Build 670 09/22/2019 SJ Lite Edition


---------------------
; Table of Contents ;
---------------------
  1. Legal Notice
  2. Analysis & Synthesis Summary
  3. Analysis & Synthesis Settings
  4. Parallel Compilation
  5. Analysis & Synthesis Source Files Read
  6. Analysis & Synthesis Resource Usage Summary
  7. Analysis & Synthesis Resource Utilization by Entity
  8. State Machine - |uart_control_system|uart_top:uart_top_inst|uart_rx:uart_rx_inst|state
  9. State Machine - |uart_control_system|uart_top:uart_top_inst|uart_tx:uart_tx_inst|state
 10. State Machine - |uart_control_system|uart_rx_control:rx_control_fsm|state
 11. State Machine - |uart_control_system|uart_tx_control:tx_control_fsm|state
 12. Registers Removed During Synthesis
 13. General Register Statistics
 14. Multiplexer Restructuring Statistics (Restructuring Performed)
 15. Parameter Settings for User Entity Instance: Top-level Entity: |uart_control_system
 16. Parameter Settings for User Entity Instance: uart_tx_control:tx_control_fsm
 17. Parameter Settings for User Entity Instance: uart_rx_control:rx_control_fsm
 18. Parameter Settings for User Entity Instance: uart_top:uart_top_inst
 19. Parameter Settings for User Entity Instance: uart_top:uart_top_inst|uart_tx:uart_tx_inst
 20. Parameter Settings for User Entity Instance: uart_top:uart_top_inst|uart_rx:uart_rx_inst
 21. Post-Synthesis Netlist Statistics for Top Partition
 22. Elapsed Time Per Partition
 23. Analysis & Synthesis Messages



----------------
; Legal Notice ;
----------------
Copyright (C) 2019  Intel Corporation. All rights reserved.
Your use of Intel Corporation's design tools, logic functions 
and other software and tools, and any partner logic 
functions, and any output files from any of the foregoing 
(including device programming or simulation files), and any 
associated documentation or information are expressly subject 
to the terms and conditions of the Intel Program License 
Subscription Agreement, the Intel Quartus Prime License Agreement,
the Intel FPGA IP License Agreement, or other applicable license
agreement, including, without limitation, that your use is for
the sole purpose of programming logic devices manufactured by
Intel and sold by Intel or its authorized distributors.  Please
refer to the applicable agreement for further details, at
https://fpgasoftware.intel.com/eula.



+---------------------------------------------------------------------------------+
; Analysis & Synthesis Summary                                                    ;
+-----------------------------------+---------------------------------------------+
; Analysis & Synthesis Status       ; Successful - Wed Feb 23 02:36:10 2022       ;
; Quartus Prime Version             ; 19.1.0 Build 670 09/22/2019 SJ Lite Edition ;
; Revision Name                     ; uart_control_system                         ;
; Top-level Entity Name             ; uart_control_system                         ;
; Family                            ; Arria II GX                                 ;
; Logic utilization                 ; N/A                                         ;
;     Combinational ALUTs           ; 223                                         ;
;     Memory ALUTs                  ; 0                                           ;
;     Dedicated logic registers     ; 146                                         ;
; Total registers                   ; 146                                         ;
; Total pins                        ; 30                                          ;
; Total virtual pins                ; 0                                           ;
; Total block memory bits           ; 0                                           ;
; DSP block 18-bit elements         ; 0                                           ;
; Total GXB Receiver Channel PCS    ; 0                                           ;
; Total GXB Receiver Channel PMA    ; 0                                           ;
; Total GXB Transmitter Channel PCS ; 0                                           ;
; Total GXB Transmitter Channel PMA ; 0                                           ;
; Total PLLs                        ; 0                                           ;
; Total DLLs                        ; 0                                           ;
+-----------------------------------+---------------------------------------------+


+-----------------------------------------------------------------------------------------------------------------------------+
; Analysis & Synthesis Settings                                                                                               ;
+---------------------------------------------------------------------------------+---------------------+---------------------+
; Option                                                                          ; Setting             ; Default Value       ;
+---------------------------------------------------------------------------------+---------------------+---------------------+
; Device                                                                          ; EP2AGX45DF29I5      ;                     ;
; Top-level entity name                                                           ; uart_control_system ; uart_control_system ;
; Family name                                                                     ; Arria II GX         ; Cyclone V           ;
; Use smart compilation                                                           ; Off                 ; Off                 ;
; Enable parallel Assembler and Timing Analyzer during compilation                ; On                  ; On                  ;
; Enable compact report table                                                     ; Off                 ; Off                 ;
; Restructure Multiplexers                                                        ; Auto                ; Auto                ;
; MLAB Add Timing Constraints For Mixed-Port Feed-Through Mode Setting Don't Care ; Off                 ; Off                 ;
; Create Debugging Nodes for IP Cores                                             ; Off                 ; Off                 ;
; Preserve fewer node names                                                       ; On                  ; On                  ;
; Intel FPGA IP Evaluation Mode                                                   ; Enable              ; Enable              ;
; Verilog Version                                                                 ; Verilog_2001        ; Verilog_2001        ;
; VHDL Version                                                                    ; VHDL_1993           ; VHDL_1993           ;
; State Machine Processing                                                        ; Auto                ; Auto                ;
; Safe State Machine                                                              ; Off                 ; Off                 ;
; Extract Verilog State Machines                                                  ; On                  ; On                  ;
; Extract VHDL State Machines                                                     ; On                  ; On                  ;
; Ignore Verilog initial constructs                                               ; Off                 ; Off                 ;
; Iteration limit for constant Verilog loops                                      ; 5000                ; 5000                ;
; Iteration limit for non-constant Verilog loops                                  ; 250                 ; 250                 ;
; Add Pass-Through Logic to Inferred RAMs                                         ; On                  ; On                  ;
; Infer RAMs from Raw Logic                                                       ; On                  ; On                  ;
; Parallel Synthesis                                                              ; On                  ; On                  ;
; DSP Block Balancing                                                             ; Auto                ; Auto                ;
; NOT Gate Push-Back                                                              ; On                  ; On                  ;
; Power-Up Don't Care                                                             ; On                  ; On                  ;
; Remove Redundant Logic Cells                                                    ; Off                 ; Off                 ;
; Remove Duplicate Registers                                                      ; On                  ; On                  ;
; Ignore CARRY Buffers                                                            ; Off                 ; Off                 ;
; Ignore CASCADE Buffers                                                          ; Off                 ; Off                 ;
; Ignore GLOBAL Buffers                                                           ; Off                 ; Off                 ;
; Ignore ROW GLOBAL Buffers                                                       ; Off                 ; Off                 ;
; Ignore LCELL Buffers                                                            ; Off                 ; Off                 ;
; Ignore SOFT Buffers                                                             ; On                  ; On                  ;
; Limit AHDL Integers to 32 Bits                                                  ; Off                 ; Off                 ;
; Optimization Technique                                                          ; Balanced            ; Balanced            ;
; Carry Chain Length                                                              ; 70                  ; 70                  ;
; Auto Carry Chains                                                               ; On                  ; On                  ;
; Auto Open-Drain Pins                                                            ; On                  ; On                  ;
; Perform WYSIWYG Primitive Resynthesis                                           ; Off                 ; Off                 ;
; Auto ROM Replacement                                                            ; On                  ; On                  ;
; Auto RAM Replacement                                                            ; On                  ; On                  ;
; Auto DSP Block Replacement                                                      ; On                  ; On                  ;
; Auto Shift Register Replacement                                                 ; Auto                ; Auto                ;
; Allow Shift Register Merging across Hierarchies                                 ; Auto                ; Auto                ;
; Auto Clock Enable Replacement                                                   ; On                  ; On                  ;
; Strict RAM Replacement                                                          ; Off                 ; Off                 ;
; Allow Synchronous Control Signals                                               ; On                  ; On                  ;
; Force Use of Synchronous Clear Signals                                          ; Off                 ; Off                 ;
; Auto RAM Block Balancing                                                        ; On                  ; On                  ;
; Auto RAM to Logic Cell Conversion                                               ; Off                 ; Off                 ;
; Auto Resource Sharing                                                           ; Off                 ; Off                 ;
; Allow Any RAM Size For Recognition                                              ; Off                 ; Off                 ;
; Allow Any ROM Size For Recognition                                              ; Off                 ; Off                 ;
; Allow Any Shift Register Size For Recognition                                   ; Off                 ; Off                 ;
; Use LogicLock Constraints during Resource Balancing                             ; On                  ; On                  ;
; Ignore translate_off and synthesis_off directives                               ; Off                 ; Off                 ;
; Timing-Driven Synthesis                                                         ; On                  ; On                  ;
; Report Parameter Settings                                                       ; On                  ; On                  ;
; Report Source Assignments                                                       ; On                  ; On                  ;
; Report Connectivity Checks                                                      ; On                  ; On                  ;
; Ignore Maximum Fan-Out Assignments                                              ; Off                 ; Off                 ;
; Synchronization Register Chain Length                                           ; 3                   ; 3                   ;
; Power Optimization During Synthesis                                             ; Normal compilation  ; Normal compilation  ;
; HDL message level                                                               ; Level2              ; Level2              ;
; Suppress Register Optimization Related Messages                                 ; Off                 ; Off                 ;
; Number of Removed Registers Reported in Synthesis Report                        ; 5000                ; 5000                ;
; Number of Swept Nodes Reported in Synthesis Report                              ; 5000                ; 5000                ;
; Number of Inverted Registers Reported in Synthesis Report                       ; 100                 ; 100                 ;
; Clock MUX Protection                                                            ; On                  ; On                  ;
; Auto Gated Clock Conversion                                                     ; Off                 ; Off                 ;
; Block Design Naming                                                             ; Auto                ; Auto                ;
; SDC constraint protection                                                       ; Off                 ; Off                 ;
; Synthesis Effort                                                                ; Auto                ; Auto                ;
; Shift Register Replacement - Allow Asynchronous Clear Signal                    ; On                  ; On                  ;
; Pre-Mapping Resynthesis Optimization                                            ; Off                 ; Off                 ;
; Analysis & Synthesis Message Level                                              ; Medium              ; Medium              ;
; Disable Register Merging Across Hierarchies                                     ; Auto                ; Auto                ;
; Resource Aware Inference For Block RAM                                          ; On                  ; On                  ;
+---------------------------------------------------------------------------------+---------------------+---------------------+


+------------------------------------------+
; Parallel Compilation                     ;
+----------------------------+-------------+
; Processors                 ; Number      ;
+----------------------------+-------------+
; Number detected on machine ; 16          ;
; Maximum allowed            ; 8           ;
;                            ;             ;
; Average used               ; 1.00        ;
; Maximum used               ; 8           ;
;                            ;             ;
; Usage by Processor         ; % Time Used ;
;     Processor 1            ; 100.0%      ;
;     Processors 2-8         ;   0.0%      ;
+----------------------------+-------------+


+--------------------------------------------------------------------------------------------------------------------------------------------------------------------+
; Analysis & Synthesis Source Files Read                                                                                                                             ;
+----------------------------------+-----------------+------------------------------+----------------------------------------------------------------------+---------+
; File Name with User-Entered Path ; Used in Netlist ; File Type                    ; File Name with Absolute Path                                         ; Library ;
+----------------------------------+-----------------+------------------------------+----------------------------------------------------------------------+---------+
; ../uart_top/uart_tx/uart_tx.sv   ; yes             ; User SystemVerilog HDL File  ; C:/Repos/ECE-111/HW7/Lab7/uart_top/uart_tx/uart_tx.sv                ;         ;
; ../uart_top/uart_rx/uart_rx.sv   ; yes             ; User SystemVerilog HDL File  ; C:/Repos/ECE-111/HW7/Lab7/uart_top/uart_rx/uart_rx.sv                ;         ;
; ../uart_top/uart_top.sv          ; yes             ; User SystemVerilog HDL File  ; C:/Repos/ECE-111/HW7/Lab7/uart_top/uart_top.sv                       ;         ;
; uart_tx_control.sv               ; yes             ; User SystemVerilog HDL File  ; C:/Repos/ECE-111/HW7/Lab7/uart_control_system/uart_tx_control.sv     ;         ;
; uart_rx_control.sv               ; yes             ; User SystemVerilog HDL File  ; C:/Repos/ECE-111/HW7/Lab7/uart_control_system/uart_rx_control.sv     ;         ;
; uart_control_system.sv           ; yes             ; User SystemVerilog HDL File  ; C:/Repos/ECE-111/HW7/Lab7/uart_control_system/uart_control_system.sv ;         ;
+----------------------------------+-----------------+------------------------------+----------------------------------------------------------------------+---------+


+-------------------------------------------------------------+
; Analysis & Synthesis Resource Usage Summary                 ;
+-----------------------------------------------+-------------+
; Resource                                      ; Usage       ;
+-----------------------------------------------+-------------+
; Estimated ALUTs Used                          ; 223         ;
;     -- Combinational ALUTs                    ; 223         ;
;     -- Memory ALUTs                           ; 0           ;
;     -- LUT_REGs                               ; 0           ;
; Dedicated logic registers                     ; 146         ;
;                                               ;             ;
; Estimated ALUTs Unavailable                   ; 26          ;
;     -- Due to unpartnered combinational logic ; 26          ;
;     -- Due to Memory ALUTs                    ; 0           ;
;                                               ;             ;
; Total combinational functions                 ; 223         ;
; Combinational ALUT usage by number of inputs  ;             ;
;     -- 7 input functions                      ; 3           ;
;     -- 6 input functions                      ; 33          ;
;     -- 5 input functions                      ; 11          ;
;     -- 4 input functions                      ; 89          ;
;     -- <=3 input functions                    ; 87          ;
;                                               ;             ;
; Combinational ALUTs by mode                   ;             ;
;     -- normal mode                            ; 156         ;
;     -- extended LUT mode                      ; 3           ;
;     -- arithmetic mode                        ; 64          ;
;     -- shared arithmetic mode                 ; 0           ;
;                                               ;             ;
; Estimated ALUT/register pairs used            ; 261         ;
;                                               ;             ;
; Total registers                               ; 146         ;
;     -- Dedicated logic registers              ; 146         ;
;     -- I/O registers                          ; 0           ;
;     -- LUT_REGs                               ; 0           ;
;                                               ;             ;
;                                               ;             ;
; I/O pins                                      ; 30          ;
;                                               ;             ;
; DSP block 18-bit elements                     ; 0           ;
;                                               ;             ;
; Maximum fan-out node                          ; clock~input ;
; Maximum fan-out                               ; 146         ;
; Total fan-out                                 ; 1296        ;
; Average fan-out                               ; 3.02        ;
+-----------------------------------------------+-------------+


+------------------------------------------------------------------------------------------------------------------------------------------------------------------------------------------------------------------------------------------------------------------------------------------------------+
; Analysis & Synthesis Resource Utilization by Entity                                                                                                                                                                                                                                                  ;
+-------------------------------------+---------------------+---------------------------+-------------------+--------------+---------+-----------+-----------+-----------+------+--------------+------------------------------------------------------------------+---------------------+--------------+
; Compilation Hierarchy Node          ; Combinational ALUTs ; Dedicated Logic Registers ; Block Memory Bits ; DSP Elements ; DSP 9x9 ; DSP 12x12 ; DSP 18x18 ; DSP 36x36 ; Pins ; Virtual Pins ; Full Hierarchy Name                                              ; Entity Name         ; Library Name ;
+-------------------------------------+---------------------+---------------------------+-------------------+--------------+---------+-----------+-----------+-----------+------+--------------+------------------------------------------------------------------+---------------------+--------------+
; |uart_control_system                ; 223 (0)             ; 146 (0)                   ; 0                 ; 0            ; 0       ; 0         ; 0         ; 0         ; 30   ; 0            ; |uart_control_system                                             ; uart_control_system ; work         ;
;    |uart_rx_control:rx_control_fsm| ; 87 (87)             ; 56 (56)                   ; 0                 ; 0            ; 0       ; 0         ; 0         ; 0         ; 0    ; 0            ; |uart_control_system|uart_rx_control:rx_control_fsm              ; uart_rx_control     ; work         ;
;    |uart_top:uart_top_inst|         ; 52 (0)              ; 38 (0)                    ; 0                 ; 0            ; 0       ; 0         ; 0         ; 0         ; 0    ; 0            ; |uart_control_system|uart_top:uart_top_inst                      ; uart_top            ; work         ;
;       |uart_rx:uart_rx_inst|        ; 33 (33)             ; 24 (24)                   ; 0                 ; 0            ; 0       ; 0         ; 0         ; 0         ; 0    ; 0            ; |uart_control_system|uart_top:uart_top_inst|uart_rx:uart_rx_inst ; uart_rx             ; work         ;
;       |uart_tx:uart_tx_inst|        ; 19 (19)             ; 14 (14)                   ; 0                 ; 0            ; 0       ; 0         ; 0         ; 0         ; 0    ; 0            ; |uart_control_system|uart_top:uart_top_inst|uart_tx:uart_tx_inst ; uart_tx             ; work         ;
;    |uart_tx_control:tx_control_fsm| ; 84 (84)             ; 52 (52)                   ; 0                 ; 0            ; 0       ; 0         ; 0         ; 0         ; 0    ; 0            ; |uart_control_system|uart_tx_control:tx_control_fsm              ; uart_tx_control     ; work         ;
+-------------------------------------+---------------------+---------------------------+-------------------+--------------+---------+-----------+-----------+-----------+------+--------------+------------------------------------------------------------------+---------------------+--------------+
Note: For table entries with two numbers listed, the numbers in parentheses indicate the number of resources of the given type used by the specific entity alone. The numbers listed outside of parentheses indicate the total resources of the given type used by the specific entity and all of its sub-entities in the hierarchy.


Encoding Type:  One-Hot
+-----------------------------------------------------------------------------------------------------------------------------------------------------------------------------------------------------------------------------------------------------+
; State Machine - |uart_control_system|uart_top:uart_top_inst|uart_rx:uart_rx_inst|state                                                                                                                                                              ;
+--------------------+-------------------+--------------------+--------------------+--------------------+--------------------+--------------------+--------------------+--------------------+--------------------+--------------------+---------------+
; Name               ; state.RX_STOP_BIT ; state.RX_DATA_BIT7 ; state.RX_DATA_BIT6 ; state.RX_DATA_BIT5 ; state.RX_DATA_BIT4 ; state.RX_DATA_BIT3 ; state.RX_DATA_BIT2 ; state.RX_DATA_BIT1 ; state.RX_DATA_BIT0 ; state.RX_START_BIT ; state.RX_IDLE ;
+--------------------+-------------------+--------------------+--------------------+--------------------+--------------------+--------------------+--------------------+--------------------+--------------------+--------------------+---------------+
; state.RX_IDLE      ; 0                 ; 0                  ; 0                  ; 0                  ; 0                  ; 0                  ; 0                  ; 0                  ; 0                  ; 0                  ; 0             ;
; state.RX_START_BIT ; 0                 ; 0                  ; 0                  ; 0                  ; 0                  ; 0                  ; 0                  ; 0                  ; 0                  ; 1                  ; 1             ;
; state.RX_DATA_BIT0 ; 0                 ; 0                  ; 0                  ; 0                  ; 0                  ; 0                  ; 0                  ; 0                  ; 1                  ; 0                  ; 1             ;
; state.RX_DATA_BIT1 ; 0                 ; 0                  ; 0                  ; 0                  ; 0                  ; 0                  ; 0                  ; 1                  ; 0                  ; 0                  ; 1             ;
; state.RX_DATA_BIT2 ; 0                 ; 0                  ; 0                  ; 0                  ; 0                  ; 0                  ; 1                  ; 0                  ; 0                  ; 0                  ; 1             ;
; state.RX_DATA_BIT3 ; 0                 ; 0                  ; 0                  ; 0                  ; 0                  ; 1                  ; 0                  ; 0                  ; 0                  ; 0                  ; 1             ;
; state.RX_DATA_BIT4 ; 0                 ; 0                  ; 0                  ; 0                  ; 1                  ; 0                  ; 0                  ; 0                  ; 0                  ; 0                  ; 1             ;
; state.RX_DATA_BIT5 ; 0                 ; 0                  ; 0                  ; 1                  ; 0                  ; 0                  ; 0                  ; 0                  ; 0                  ; 0                  ; 1             ;
; state.RX_DATA_BIT6 ; 0                 ; 0                  ; 1                  ; 0                  ; 0                  ; 0                  ; 0                  ; 0                  ; 0                  ; 0                  ; 1             ;
; state.RX_DATA_BIT7 ; 0                 ; 1                  ; 0                  ; 0                  ; 0                  ; 0                  ; 0                  ; 0                  ; 0                  ; 0                  ; 1             ;
; state.RX_STOP_BIT  ; 1                 ; 0                  ; 0                  ; 0                  ; 0                  ; 0                  ; 0                  ; 0                  ; 0                  ; 0                  ; 1             ;
+--------------------+-------------------+--------------------+--------------------+--------------------+--------------------+--------------------+--------------------+--------------------+--------------------+--------------------+---------------+


Encoding Type:  One-Hot
+--------------------------------------------------------------------------------------------------------------------+
; State Machine - |uart_control_system|uart_top:uart_top_inst|uart_tx:uart_tx_inst|state                             ;
+--------------------+-------------------+-------------------+--------------------+---------------+------------------+
; Name               ; state.TX_STOP_BIT ; state.TX_DATA_BIT ; state.TX_START_BIT ; state.TX_IDLE ; state.TX_CLEANUP ;
+--------------------+-------------------+-------------------+--------------------+---------------+------------------+
; state.TX_IDLE      ; 0                 ; 0                 ; 0                  ; 0             ; 0                ;
; state.TX_START_BIT ; 0                 ; 0                 ; 1                  ; 1             ; 0                ;
; state.TX_DATA_BIT  ; 0                 ; 1                 ; 0                  ; 1             ; 0                ;
; state.TX_STOP_BIT  ; 1                 ; 0                 ; 0                  ; 1             ; 0                ;
; state.TX_CLEANUP   ; 0                 ; 0                 ; 0                  ; 1             ; 1                ;
+--------------------+-------------------+-------------------+--------------------+---------------+------------------+


Encoding Type:  One-Hot
+---------------------------------------------------------------------------+
; State Machine - |uart_control_system|uart_rx_control:rx_control_fsm|state ;
+-------------+------------+-------------+----------------------------------+
; Name        ; state.IDLE ; state.WRITE ; state.WAIT                       ;
+-------------+------------+-------------+----------------------------------+
; state.IDLE  ; 0          ; 0           ; 0                                ;
; state.WAIT  ; 1          ; 0           ; 1                                ;
; state.WRITE ; 1          ; 1           ; 0                                ;
+-------------+------------+-------------+----------------------------------+


Encoding Type:  One-Hot
+--------------------------------------------------------------------------------------+
; State Machine - |uart_control_system|uart_tx_control:tx_control_fsm|state            ;
+----------------+----------------+-------------+------------+------------+------------+
; Name           ; state.TRANSMIT ; state.DELAY ; state.READ ; state.IDLE ; state.WAIT ;
+----------------+----------------+-------------+------------+------------+------------+
; state.IDLE     ; 0              ; 0           ; 0          ; 0          ; 0          ;
; state.READ     ; 0              ; 0           ; 1          ; 1          ; 0          ;
; state.DELAY    ; 0              ; 1           ; 0          ; 1          ; 0          ;
; state.TRANSMIT ; 1              ; 0           ; 0          ; 1          ; 0          ;
; state.WAIT     ; 0              ; 0           ; 0          ; 1          ; 1          ;
+----------------+----------------+-------------+------------+------------+------------+


+---------------------------------------------------------------------------+
; Registers Removed During Synthesis                                        ;
+------------------------------------------------------+--------------------+
; Register name                                        ; Reason for Removal ;
+------------------------------------------------------+--------------------+
; uart_top:uart_top_inst|uart_tx:uart_tx_inst|tx~en    ; Lost fanout        ;
; uart_rx_control:rx_control_fsm|state.IDLE            ; Lost fanout        ;
; uart_top:uart_top_inst|uart_rx:uart_rx_inst|state~13 ; Lost fanout        ;
; uart_top:uart_top_inst|uart_rx:uart_rx_inst|state~14 ; Lost fanout        ;
; uart_top:uart_top_inst|uart_rx:uart_rx_inst|state~15 ; Lost fanout        ;
; uart_top:uart_top_inst|uart_rx:uart_rx_inst|state~16 ; Lost fanout        ;
; uart_top:uart_top_inst|uart_tx:uart_tx_inst|state~2  ; Lost fanout        ;
; uart_top:uart_top_inst|uart_tx:uart_tx_inst|state~3  ; Lost fanout        ;
; uart_tx_control:tx_control_fsm|state~2               ; Lost fanout        ;
; uart_tx_control:tx_control_fsm|state~3               ; Lost fanout        ;
; Total Number of Removed Registers = 10               ;                    ;
+------------------------------------------------------+--------------------+


+------------------------------------------------------+
; General Register Statistics                          ;
+----------------------------------------------+-------+
; Statistic                                    ; Value ;
+----------------------------------------------+-------+
; Total registers                              ; 146   ;
; Number of registers using Synchronous Clear  ; 114   ;
; Number of registers using Synchronous Load   ; 0     ;
; Number of registers using Asynchronous Clear ; 0     ;
; Number of registers using Asynchronous Load  ; 0     ;
; Number of registers using Clock Enable       ; 28    ;
; Number of registers using Preset             ; 0     ;
+----------------------------------------------+-------+


+------------------------------------------------------------------------------------------------------------------------------------------------------------------------------------------+
; Multiplexer Restructuring Statistics (Restructuring Performed)                                                                                                                           ;
+--------------------+-----------+---------------+----------------------+------------------------+------------+----------------------------------------------------------------------------+
; Multiplexer Inputs ; Bus Width ; Baseline Area ; Area if Restructured ; Saving if Restructured ; Registered ; Example Multiplexer Output                                                 ;
+--------------------+-----------+---------------+----------------------+------------------------+------------+----------------------------------------------------------------------------+
; 6:1                ; 8 bits    ; 32 ALUTs      ; 0 ALUTs              ; 32 ALUTs               ; Yes        ; |uart_control_system|uart_tx_control:tx_control_fsm|uart_tx_data[3]        ;
; 5:1                ; 4 bits    ; 12 ALUTs      ; 8 ALUTs              ; 4 ALUTs                ; Yes        ; |uart_control_system|uart_top:uart_top_inst|uart_tx:uart_tx_inst|count[2]  ;
; 6:1                ; 4 bits    ; 16 ALUTs      ; 8 ALUTs              ; 8 ALUTs                ; Yes        ; |uart_control_system|uart_top:uart_top_inst|uart_rx:uart_rx_inst|count[0]  ;
; 3:1                ; 2 bits    ; 4 ALUTs       ; 4 ALUTs              ; 0 ALUTs                ; No         ; |uart_control_system|uart_tx_control:tx_control_fsm|state                  ;
; 3:1                ; 3 bits    ; 6 ALUTs       ; 6 ALUTs              ; 0 ALUTs                ; No         ; |uart_control_system|uart_top:uart_top_inst|uart_tx:uart_tx_inst|bit_index ;
; 4:1                ; 2 bits    ; 4 ALUTs       ; 4 ALUTs              ; 0 ALUTs                ; No         ; |uart_control_system|uart_rx_control:rx_control_fsm|state                  ;
+--------------------+-----------+---------------+----------------------+------------------------+------------+----------------------------------------------------------------------------+


+-------------------------------------------------------------------------------------+
; Parameter Settings for User Entity Instance: Top-level Entity: |uart_control_system ;
+------------------+-------+----------------------------------------------------------+
; Parameter Name   ; Value ; Type                                                     ;
+------------------+-------+----------------------------------------------------------+
; NUM_CLKS_PER_BIT ; 16    ; Signed Integer                                           ;
; NUM_OF_BYTES     ; 4     ; Signed Integer                                           ;
+------------------+-------+----------------------------------------------------------+
Note: In order to hide this table in the UI and the text report file, please set the "Show Parameter Settings in Synthesis Report" option in "Analysis and Synthesis Settings -> More Settings" to "Off".


+-----------------------------------------------------------------------------+
; Parameter Settings for User Entity Instance: uart_tx_control:tx_control_fsm ;
+----------------+-------+----------------------------------------------------+
; Parameter Name ; Value ; Type                                               ;
+----------------+-------+----------------------------------------------------+
; NUM_OF_BYTES   ; 4     ; Signed Integer                                     ;
+----------------+-------+----------------------------------------------------+
Note: In order to hide this table in the UI and the text report file, please set the "Show Parameter Settings in Synthesis Report" option in "Analysis and Synthesis Settings -> More Settings" to "Off".


+-----------------------------------------------------------------------------+
; Parameter Settings for User Entity Instance: uart_rx_control:rx_control_fsm ;
+----------------+-------+----------------------------------------------------+
; Parameter Name ; Value ; Type                                               ;
+----------------+-------+----------------------------------------------------+
; NUM_OF_BYTES   ; 4     ; Signed Integer                                     ;
+----------------+-------+----------------------------------------------------+
Note: In order to hide this table in the UI and the text report file, please set the "Show Parameter Settings in Synthesis Report" option in "Analysis and Synthesis Settings -> More Settings" to "Off".


+---------------------------------------------------------------------+
; Parameter Settings for User Entity Instance: uart_top:uart_top_inst ;
+------------------+-------+------------------------------------------+
; Parameter Name   ; Value ; Type                                     ;
+------------------+-------+------------------------------------------+
; NUM_CLKS_PER_BIT ; 16    ; Signed Integer                           ;
+------------------+-------+------------------------------------------+
Note: In order to hide this table in the UI and the text report file, please set the "Show Parameter Settings in Synthesis Report" option in "Analysis and Synthesis Settings -> More Settings" to "Off".


+------------------------------------------------------------------------------------------+
; Parameter Settings for User Entity Instance: uart_top:uart_top_inst|uart_tx:uart_tx_inst ;
+------------------+-------+---------------------------------------------------------------+
; Parameter Name   ; Value ; Type                                                          ;
+------------------+-------+---------------------------------------------------------------+
; NUM_CLKS_PER_BIT ; 16    ; Signed Integer                                                ;
+------------------+-------+---------------------------------------------------------------+
Note: In order to hide this table in the UI and the text report file, please set the "Show Parameter Settings in Synthesis Report" option in "Analysis and Synthesis Settings -> More Settings" to "Off".


+------------------------------------------------------------------------------------------+
; Parameter Settings for User Entity Instance: uart_top:uart_top_inst|uart_rx:uart_rx_inst ;
+------------------+-------+---------------------------------------------------------------+
; Parameter Name   ; Value ; Type                                                          ;
+------------------+-------+---------------------------------------------------------------+
; NUM_CLKS_PER_BIT ; 16    ; Signed Integer                                                ;
+------------------+-------+---------------------------------------------------------------+
Note: In order to hide this table in the UI and the text report file, please set the "Show Parameter Settings in Synthesis Report" option in "Analysis and Synthesis Settings -> More Settings" to "Off".


+-----------------------------------------------------+
; Post-Synthesis Netlist Statistics for Top Partition ;
+-----------------------+-----------------------------+
; Type                  ; Count                       ;
+-----------------------+-----------------------------+
; arriaii_ff            ; 146                         ;
;     ENA               ; 20                          ;
;     ENA SCLR          ; 8                           ;
;     SCLR              ; 106                         ;
;     plain             ; 12                          ;
; boundary_port         ; 30                          ;
; stratixiv_lcell_comb  ; 223                         ;
;     arith             ; 64                          ;
;         1 data inputs ; 63                          ;
;         2 data inputs ; 1                           ;
;     extend            ; 3                           ;
;         7 data inputs ; 3                           ;
;     normal            ; 156                         ;
;         2 data inputs ; 14                          ;
;         3 data inputs ; 9                           ;
;         4 data inputs ; 89                          ;
;         5 data inputs ; 11                          ;
;         6 data inputs ; 33                          ;
;                       ;                             ;
; Max LUT depth         ; 5.10                        ;
; Average LUT depth     ; 2.99                        ;
+-----------------------+-----------------------------+


+-------------------------------+
; Elapsed Time Per Partition    ;
+----------------+--------------+
; Partition Name ; Elapsed Time ;
+----------------+--------------+
; Top            ; 00:00:00     ;
+----------------+--------------+


+-------------------------------+
; Analysis & Synthesis Messages ;
+-------------------------------+
Info: *******************************************************************
Info: Running Quartus Prime Analysis & Synthesis
    Info: Version 19.1.0 Build 670 09/22/2019 SJ Lite Edition
    Info: Processing started: Wed Feb 23 02:36:03 2022
Info: Command: quartus_map --read_settings_files=on --write_settings_files=off uart_control_system -c uart_control_system
Warning (18236): Number of processors has not been specified which may cause overloading on shared machines.  Set the global assignment NUM_PARALLEL_PROCESSORS in your QSF to an appropriate value for best performance.
Info (20030): Parallel compilation is enabled and will use 8 of the 8 processors detected
Info (12021): Found 1 design units, including 1 entities, in source file /repos/ece-111/hw7/lab7/uart_top/uart_tx/uart_tx_testbench.sv
    Info (12023): Found entity 1: uart_tx_testbench File: C:/Repos/ECE-111/HW7/Lab7/uart_top/uart_tx/uart_tx_testbench.sv Line: 3
Info (12021): Found 1 design units, including 1 entities, in source file /repos/ece-111/hw7/lab7/uart_top/uart_tx/uart_tx.sv
    Info (12023): Found entity 1: uart_tx File: C:/Repos/ECE-111/HW7/Lab7/uart_top/uart_tx/uart_tx.sv Line: 2
Info (12021): Found 1 design units, including 1 entities, in source file /repos/ece-111/hw7/lab7/uart_top/uart_rx/uart_rx_testbench.sv
    Info (12023): Found entity 1: uart_rx_testbench File: C:/Repos/ECE-111/HW7/Lab7/uart_top/uart_rx/uart_rx_testbench.sv Line: 3
Info (12021): Found 1 design units, including 1 entities, in source file /repos/ece-111/hw7/lab7/uart_top/uart_rx/uart_rx.sv
    Info (12023): Found entity 1: uart_rx File: C:/Repos/ECE-111/HW7/Lab7/uart_top/uart_rx/uart_rx.sv Line: 2
Info (12021): Found 1 design units, including 1 entities, in source file /repos/ece-111/hw7/lab7/uart_top/uart_top_testbench.sv
    Info (12023): Found entity 1: uart_top_testbench File: C:/Repos/ECE-111/HW7/Lab7/uart_top/uart_top_testbench.sv Line: 3
Info (12021): Found 1 design units, including 1 entities, in source file /repos/ece-111/hw7/lab7/uart_top/uart_top.sv
    Info (12023): Found entity 1: uart_top File: C:/Repos/ECE-111/HW7/Lab7/uart_top/uart_top.sv Line: 2
Info (12021): Found 1 design units, including 1 entities, in source file uart_tx_control.sv
    Info (12023): Found entity 1: uart_tx_control File: C:/Repos/ECE-111/HW7/Lab7/uart_control_system/uart_tx_control.sv Line: 2
Info (12021): Found 1 design units, including 1 entities, in source file uart_rx_control.sv
    Info (12023): Found entity 1: uart_rx_control File: C:/Repos/ECE-111/HW7/Lab7/uart_control_system/uart_rx_control.sv Line: 2
Info (12021): Found 1 design units, including 1 entities, in source file uart_control_system.sv
    Info (12023): Found entity 1: uart_control_system File: C:/Repos/ECE-111/HW7/Lab7/uart_control_system/uart_control_system.sv Line: 2
Warning (10236): Verilog HDL Implicit Net warning at uart_tx_testbench.sv(31): created implicit net for "tx" File: C:/Repos/ECE-111/HW7/Lab7/uart_top/uart_tx/uart_tx_testbench.sv Line: 31
Info (12127): Elaborating entity "uart_control_system" for the top level hierarchy
Info (12128): Elaborating entity "uart_tx_control" for hierarchy "uart_tx_control:tx_control_fsm" File: C:/Repos/ECE-111/HW7/Lab7/uart_control_system/uart_control_system.sv Line: 33
Warning (10230): Verilog HDL assignment warning at uart_tx_control.sv(55): truncated value with size 32 to match size of target (4) File: C:/Repos/ECE-111/HW7/Lab7/uart_control_system/uart_tx_control.sv Line: 55
Info (12128): Elaborating entity "uart_rx_control" for hierarchy "uart_rx_control:rx_control_fsm" File: C:/Repos/ECE-111/HW7/Lab7/uart_control_system/uart_control_system.sv Line: 46
Warning (10230): Verilog HDL assignment warning at uart_rx_control.sv(87): truncated value with size 32 to match size of target (4) File: C:/Repos/ECE-111/HW7/Lab7/uart_control_system/uart_rx_control.sv Line: 87
Info (12128): Elaborating entity "uart_top" for hierarchy "uart_top:uart_top_inst" File: C:/Repos/ECE-111/HW7/Lab7/uart_control_system/uart_control_system.sv Line: 62
Info (12128): Elaborating entity "uart_tx" for hierarchy "uart_top:uart_top_inst|uart_tx:uart_tx_inst" File: C:/Repos/ECE-111/HW7/Lab7/uart_top/uart_top.sv Line: 22
Warning (10230): Verilog HDL assignment warning at uart_tx.sv(62): truncated value with size 32 to match size of target (4) File: C:/Repos/ECE-111/HW7/Lab7/uart_top/uart_tx/uart_tx.sv Line: 62
Warning (10230): Verilog HDL assignment warning at uart_tx.sv(77): truncated value with size 32 to match size of target (3) File: C:/Repos/ECE-111/HW7/Lab7/uart_top/uart_tx/uart_tx.sv Line: 77
Warning (10230): Verilog HDL assignment warning at uart_tx.sv(83): truncated value with size 32 to match size of target (4) File: C:/Repos/ECE-111/HW7/Lab7/uart_top/uart_tx/uart_tx.sv Line: 83
Warning (10230): Verilog HDL assignment warning at uart_tx.sv(99): truncated value with size 32 to match size of target (4) File: C:/Repos/ECE-111/HW7/Lab7/uart_top/uart_tx/uart_tx.sv Line: 99
Info (12128): Elaborating entity "uart_rx" for hierarchy "uart_top:uart_top_inst|uart_rx:uart_rx_inst" File: C:/Repos/ECE-111/HW7/Lab7/uart_top/uart_top.sv Line: 30
Warning (10230): Verilog HDL assignment warning at uart_rx.sv(58): truncated value with size 32 to match size of target (4) File: C:/Repos/ECE-111/HW7/Lab7/uart_top/uart_rx/uart_rx.sv Line: 58
Warning (10230): Verilog HDL assignment warning at uart_rx.sv(71): truncated value with size 32 to match size of target (4) File: C:/Repos/ECE-111/HW7/Lab7/uart_top/uart_rx/uart_rx.sv Line: 71
Warning (10230): Verilog HDL assignment warning at uart_rx.sv(85): truncated value with size 32 to match size of target (4) File: C:/Repos/ECE-111/HW7/Lab7/uart_top/uart_rx/uart_rx.sv Line: 85
Warning (10230): Verilog HDL assignment warning at uart_rx.sv(99): truncated value with size 32 to match size of target (4) File: C:/Repos/ECE-111/HW7/Lab7/uart_top/uart_rx/uart_rx.sv Line: 99
Warning (10230): Verilog HDL assignment warning at uart_rx.sv(113): truncated value with size 32 to match size of target (4) File: C:/Repos/ECE-111/HW7/Lab7/uart_top/uart_rx/uart_rx.sv Line: 113
Warning (10230): Verilog HDL assignment warning at uart_rx.sv(127): truncated value with size 32 to match size of target (4) File: C:/Repos/ECE-111/HW7/Lab7/uart_top/uart_rx/uart_rx.sv Line: 127
Warning (10230): Verilog HDL assignment warning at uart_rx.sv(141): truncated value with size 32 to match size of target (4) File: C:/Repos/ECE-111/HW7/Lab7/uart_top/uart_rx/uart_rx.sv Line: 141
Warning (10230): Verilog HDL assignment warning at uart_rx.sv(155): truncated value with size 32 to match size of target (4) File: C:/Repos/ECE-111/HW7/Lab7/uart_top/uart_rx/uart_rx.sv Line: 155
Warning (10230): Verilog HDL assignment warning at uart_rx.sv(169): truncated value with size 32 to match size of target (4) File: C:/Repos/ECE-111/HW7/Lab7/uart_top/uart_rx/uart_rx.sv Line: 169
Warning (10230): Verilog HDL assignment warning at uart_rx.sv(182): truncated value with size 32 to match size of target (4) File: C:/Repos/ECE-111/HW7/Lab7/uart_top/uart_rx/uart_rx.sv Line: 182
Warning (13046): Tri-state node(s) do not directly drive top-level pin(s)
    Warning (13049): Converted tri-state buffer "uart_top:uart_top_inst|uart_tx:uart_tx_inst|tx" feeding internal logic into a wire File: C:/Repos/ECE-111/HW7/Lab7/uart_top/uart_tx/uart_tx.sv Line: 8
Info (286030): Timing-Driven Synthesis is running
Info (17049): 10 registers lost all their fanouts during netlist optimizations.
Info (16010): Generating hard_block partition "hard_block:auto_generated_inst"
    Info (16011): Adding 0 node(s), including 0 DDIO, 0 PLL, 0 transceiver and 0 LCELL
Info (21057): Implemented 269 device resources after synthesis - the final resource count might be different
    Info (21058): Implemented 10 input pins
    Info (21059): Implemented 20 output pins
    Info (21061): Implemented 239 logic cells
Info: Quartus Prime Analysis & Synthesis was successful. 0 errors, 20 warnings
    Info: Peak virtual memory: 4875 megabytes
    Info: Processing ended: Wed Feb 23 02:36:10 2022
    Info: Elapsed time: 00:00:07
    Info: Total CPU time (on all processors): 00:00:17


